Wed Apr 30 09:03:26 2025       
+-----------------------------------------------------------------------------------------+
| NVIDIA-SMI 570.133.20             Driver Version: 570.133.20     CUDA Version: 12.8     |
|-----------------------------------------+------------------------+----------------------+
| GPU  Name                 Persistence-M | Bus-Id          Disp.A | Volatile Uncorr. ECC |
| Fan  Temp   Perf          Pwr:Usage/Cap |           Memory-Usage | GPU-Util  Compute M. |
|                                         |                        |               MIG M. |
|=========================================+========================+======================|
|   0  Tesla V100-PCIE-16GB           On  |   00000000:AF:00.0 Off |                    0 |
| N/A   34C    P0             31W /  250W |       0MiB /  16384MiB |      0%   E. Process |
|                                         |                        |                  N/A |
+-----------------------------------------+------------------------+----------------------+
                                                                                         
+-----------------------------------------------------------------------------------------+
| Processes:                                                                              |
|  GPU   GI   CI              PID   Type   Process name                        GPU Memory |
|        ID   ID                                                               Usage      |
|=========================================================================================|
|  No running processes found                                                             |
+-----------------------------------------------------------------------------------------+
building_id, mean_temp, std_temp, pct_above_18, pct_below_15
10000, 14.012338788112752, 6.367431059312565, 30.941014791508444, 55.542295034537624
10009, 11.000135812436369, 5.811144379826625, 16.6712734948236, 74.9723590310584
10014, 14.744169941950117, 7.037733284673849, 38.26367541377415, 52.80837116508215
10019, 14.735524480624484, 7.030325006703675, 38.14915412864569, 52.92926826787113
10029, 10.616037322820358, 6.317331938274926, 18.25563221896085, 74.51301795448481
10031, 12.507072852890545, 6.278432089100354, 24.044722033998173, 66.39513301711693
10051, 13.289039951277404, 5.999085063388632, 25.97693550756574, 62.859923608050536
10053, 11.366493551285707, 6.26121798185875, 19.9510754583921, 72.41052538787024
10056, 14.220114507861702, 6.179461157398302, 31.763454814173965, 57.06174975667784
10064, 12.716968937395848, 6.964227784263681, 28.79137124461432, 62.75688345539249
10075, 15.156939199079357, 6.440520340370851, 39.12088154756647, 47.45605511880576
10079, 15.094353507626133, 7.313911268349322, 41.90001451870493, 49.44974108309539

------------------------------------------------------------
Sender: LSF System <lsfadmin@hpc.dtu.dk>
Subject: Job 24833485: <testjob> in cluster <dcc> Done

Job <testjob> was submitted from host <gbarlogin1> by user <s185927> in cluster <dcc> at Wed Apr 30 09:02:37 2025
Job was executed on host(s) <4*n-62-20-5>, in queue <gpuv100>, as user <s185927> in cluster <dcc> at Wed Apr 30 09:03:25 2025
</zhome/e3/3/139772> was used as the home directory.
</zhome/e3/3/139772/Desktop/P4HPC/PHPC-mini-project> was used as the working directory.
Started at Wed Apr 30 09:03:25 2025
Terminated at Wed Apr 30 09:04:04 2025
Results reported at Wed Apr 30 09:04:04 2025

Your job looked like:

------------------------------------------------------------
# LSBATCH: User input
#!/bin/sh
### General options
### –- specify queue --
#BSUB -q gpuv100
### -- set the job Name --
#BSUB -J testjob
### -- ask for number of cores (default: 1) --
#BSUB -n 4
### -- Select the resources: 1 gpu in exclusive process mode --
#BSUB -gpu "num=1:mode=exclusive_process"
### -- set walltime limit: hh:mm --  maximum 24 hours for GPU-queues right now
#BSUB -W 1:00
# request 5GB of system-memory
#BSUB -R "rusage[mem=5GB]"
### -- set the email address --
### -- Specify the output and error file. %J is the job-id --
### -- -o and -e mean append, -oo and -eo mean overwrite --
#BSUB -o gpu_%J.out
#BSUB -e gpu_%J.err
# -- end of LSF options --

nvidia-smi
# Load the cuda module
#module load cuda/11.6


# Activate your conda environment.
source /dtu/projects/02613_2025/conda/conda_init.sh
conda activate 02613

time python simulate_ex_9.py 12
------------------------------------------------------------

Successfully completed.

Resource usage summary:

    CPU time :                                   36.81 sec.
    Max Memory :                                 95 MB
    Average Memory :                             95.00 MB
    Total Requested Memory :                     20480.00 MB
    Delta Memory :                               20385.00 MB
    Max Swap :                                   -
    Max Processes :                              4
    Max Threads :                                7
    Run time :                                   41 sec.
    Turnaround time :                            87 sec.

The output (if any) is above this job summary.



PS:

Read file <gpu_24833485.err> for stderr output of this job.

