Architecture:                         x86_64
CPU op-mode(s):                       32-bit, 64-bit
Address sizes:                        46 bits physical, 48 bits virtual
Byte Order:                           Little Endian
CPU(s):                               32
On-line CPU(s) list:                  0-31
Vendor ID:                            GenuineIntel
Model name:                           Intel(R) Xeon(R) Gold 6226R CPU @ 2.90GHz
CPU family:                           6
Model:                                85
Thread(s) per core:                   1
Core(s) per socket:                   16
Socket(s):                            2
Stepping:                             7
BogoMIPS:                             5800.00
Flags:                                fpu vme de pse tsc msr pae mce cx8 apic sep mtrr pge mca cmov pat pse36 clflush dts acpi mmx fxsr sse sse2 ss ht tm pbe syscall nx pdpe1gb rdtscp lm constant_tsc art arch_perfmon pebs bts rep_good nopl xtopology nonstop_tsc cpuid aperfmperf pni pclmulqdq dtes64 monitor ds_cpl vmx smx est tm2 ssse3 sdbg fma cx16 xtpr pdcm pcid dca sse4_1 sse4_2 x2apic movbe popcnt tsc_deadline_timer aes xsave avx f16c rdrand lahf_lm abm 3dnowprefetch cpuid_fault epb cat_l3 cdp_l3 invpcid_single intel_ppin ssbd mba ibrs ibpb stibp ibrs_enhanced tpr_shadow vnmi flexpriority ept vpid ept_ad fsgsbase tsc_adjust bmi1 avx2 smep bmi2 erms invpcid cqm mpx rdt_a avx512f avx512dq rdseed adx smap clflushopt clwb intel_pt avx512cd avx512bw avx512vl xsaveopt xsavec xgetbv1 xsaves cqm_llc cqm_occup_llc cqm_mbm_total cqm_mbm_local dtherm arat pln pts hwp_epp pku ospke avx512_vnni md_clear flush_l1d arch_capabilities
Virtualization:                       VT-x
L1d cache:                            1 MiB (32 instances)
L1i cache:                            1 MiB (32 instances)
L2 cache:                             32 MiB (32 instances)
L3 cache:                             44 MiB (2 instances)
NUMA node(s):                         2
NUMA node0 CPU(s):                    0-15
NUMA node1 CPU(s):                    16-31
Vulnerability Gather data sampling:   Mitigation; Microcode
Vulnerability Itlb multihit:          KVM: Mitigation: VMX disabled
Vulnerability L1tf:                   Not affected
Vulnerability Mds:                    Not affected
Vulnerability Meltdown:               Not affected
Vulnerability Mmio stale data:        Mitigation; Clear CPU buffers; SMT disabled
Vulnerability Reg file data sampling: Not affected
Vulnerability Retbleed:               Mitigation; Enhanced IBRS
Vulnerability Spec rstack overflow:   Not affected
Vulnerability Spec store bypass:      Mitigation; Speculative Store Bypass disabled via prctl
Vulnerability Spectre v1:             Mitigation; usercopy/swapgs barriers and __user pointer sanitization
Vulnerability Spectre v2:             Mitigation; Enhanced / Automatic IBRS; IBPB conditional; RSB filling; PBRSB-eIBRS SW sequence; BHI SW loop, KVM SW loop
Vulnerability Srbds:                  Not affected
Vulnerability Tsx async abort:        Mitigation; TSX disabled
Running simulate_ex_5.py with 1 processes
Running simulate_ex_5.py with 2 processes
Running simulate_ex_5.py with 4 processes
Running simulate_ex_5.py with 8 processes
Running simulate_ex_5.py with 16 processes
Running simulate_ex_5.py with 32 processes
0    1.000000
1    1.856555
2    3.315671
3    5.101676
4    8.109524
5    8.173180
Name: speedup, dtype: float64

------------------------------------------------------------
Sender: LSF System <lsfadmin@hpc.dtu.dk>
Subject: Job 24573592: <simulate_ex_5_batch> in cluster <dcc> Done

Job <simulate_ex_5_batch> was submitted from host <gbarlogin1> by user <s185927> in cluster <dcc> at Sun Apr  6 11:40:06 2025
Job was executed on host(s) <32*n-62-12-4>, in queue <hpc>, as user <s185927> in cluster <dcc> at Sun Apr  6 11:40:07 2025
</zhome/e3/3/139772> was used as the home directory.
</zhome/e3/3/139772/Desktop/P4HPC/PHPC-mini-project> was used as the working directory.
Started at Sun Apr  6 11:40:07 2025
Terminated at Sun Apr  6 12:28:03 2025
Results reported at Sun Apr  6 12:28:03 2025

Your job looked like:

------------------------------------------------------------
# LSBATCH: User input
#!/bin/bash
#BSUB -J simulate_ex_5_batch
#BSUB -q hpc
#BSUB -n 32
#BSUB -R "span[hosts=1]"
#BSUB -R "rusage[mem=4GB]"
#BSUB -W 8:00
#BSUB -o output_%J.log
#BSUB -e error_%J.err
#BSUB -R "select[model == XeonGold6226R]"

lscpu

# Activate your conda environment.
source /dtu/projects/02613_2025/conda/conda_init.sh
conda activate 02613

processes_list="1 2 4 8 16 32"
output_file="1_5_timing_data.txt"
echo "n_proc,real_time,user_time,sys_time" > $output_file

# Assume simulate_ex_5.py loads at most 100 floorplans and expects a second argument
# for the number of processes.
for n_proc in $processes_list; do
    echo "Running simulate_ex_5.py with $n_proc processes"
    # Capture the time output.
    times=$( { time python simulate_ex_5.py $n_proc; } 2>&1 | grep -E 'real|user|sys' | awk '{print $2}' | tr '\n' ',' | sed 's/,$//' )
    echo "$n_proc,$times" >> $output_file
done

# Call your plotting script, for example:
python3 1_5_plotting.py
------------------------------------------------------------

Successfully completed.

Resource usage summary:

    CPU time :                                   9708.64 sec.
    Max Memory :                                 1186 MB
    Average Memory :                             906.48 MB
    Total Requested Memory :                     131072.00 MB
    Delta Memory :                               129886.00 MB
    Max Swap :                                   -
    Max Processes :                              42
    Max Threads :                                46
    Run time :                                   2900 sec.
    Turnaround time :                            2877 sec.

The output (if any) is above this job summary.



PS:

Read file <error_24573592.err> for stderr output of this job.

