building_id, mean_temp, std_temp, pct_above_18, pct_below_15
10000, 14.01233878811275, 6.367431059312565, 30.941014791508444, 55.542295034537624
10009, 11.000135812436373, 5.811144379826625, 16.6712734948236, 74.9723590310584
10014, 14.744169941950119, 7.037733284673848, 38.26367541377415, 52.80837116508215
10019, 14.735524480624482, 7.030325006703675, 38.14915412864569, 52.92926826787113
10029, 10.616037322820358, 6.317331938274926, 18.25563221896085, 74.51301795448481
10031, 12.507072852890545, 6.278432089100354, 24.044722033998173, 66.39513301711693
10051, 13.289039951277402, 5.999085063388632, 25.97693550756574, 62.859923608050536
10053, 11.366493551285709, 6.26121798185875, 19.9510754583921, 72.41052538787024
10056, 14.220114507861702, 6.179461157398302, 31.763454814173965, 57.06174975667784
10064, 12.71696893739585, 6.964227784263683, 28.79137124461432, 62.75688345539249
10075, 15.156939199079357, 6.44052034037085, 39.12088154756647, 47.45605511880576
10079, 15.094353507626135, 7.313911268349323, 41.90001451870493, 49.44974108309539

------------------------------------------------------------
Sender: LSF System <lsfadmin@hpc.dtu.dk>
Subject: Job 24817923: <floorplan_simulate> in cluster <dcc> Done

Job <floorplan_simulate> was submitted from host <gbarlogin1> by user <s185927> in cluster <dcc> at Sun Apr 27 20:56:27 2025
Job was executed on host(s) <4*n-62-11-53>, in queue <hpc>, as user <s185927> in cluster <dcc> at Sun Apr 27 20:56:29 2025
</zhome/e3/3/139772> was used as the home directory.
</zhome/e3/3/139772/Desktop/P4HPC/PHPC-mini-project> was used as the working directory.
Started at Sun Apr 27 20:56:29 2025
Terminated at Sun Apr 27 20:59:00 2025
Results reported at Sun Apr 27 20:59:00 2025

Your job looked like:

------------------------------------------------------------
# LSBATCH: User input
#!/bin/bash
#BSUB -J floorplan_simulate
#BSUB -q hpc
#BSUB -n 4
#BSUB -R "span[hosts=1]"
#BSUB -R "rusage[mem=4GB]"
#BSUB -W 1:00
#BSUB -o output_%J.log
#BSUB -e error_%J.err
#BSUB -R "select[model == XeonGold6226R]"

# Initialize Python environment
source /dtu/projects/02613_2025/conda/conda_init.sh
conda activate 02613

# Test number of floorplans
#N = 10

time python simulate.py 12

# parallel implementation test
#time python simulate_parallel.py 12 


------------------------------------------------------------

Successfully completed.

Resource usage summary:

    CPU time :                                   150.67 sec.
    Max Memory :                                 93 MB
    Average Memory :                             87.75 MB
    Total Requested Memory :                     16384.00 MB
    Delta Memory :                               16291.00 MB
    Max Swap :                                   -
    Max Processes :                              4
    Max Threads :                                5
    Run time :                                   155 sec.
    Turnaround time :                            153 sec.

The output (if any) is above this job summary.



PS:

Read file <error_24817923.err> for stderr output of this job.

