
------------------------------------------------------------
Sender: LSF System <lsfadmin@hpc.dtu.dk>
Subject: Job 24570427: <floorplan_simulate> in cluster <dcc> Exited

Job <floorplan_simulate> was submitted from host <gbarlogin1> by user <s203636> in cluster <dcc> at Fri Apr  4 16:28:53 2025
Job was executed on host(s) <4*n-62-11-50>, in queue <hpc>, as user <s203636> in cluster <dcc> at Fri Apr  4 16:28:54 2025
</zhome/db/5/154966> was used as the home directory.
</zhome/db/5/154966/Desktop/HPC_project/PHPC-mini-project> was used as the working directory.
Started at Fri Apr  4 16:28:54 2025
Terminated at Fri Apr  4 16:28:55 2025
Results reported at Fri Apr  4 16:28:55 2025

Your job looked like:

------------------------------------------------------------
# LSBATCH: User input
#!/bin/bash
#BSUB -J floorplan_simulate
#BSUB -q hpc
#BSUB -n 4
#BSUB -R "span[hosts=1]"
#BSUB -R "rusage[mem=4GB]"
#BSUB -W 1:00
#BSUB -o output_%J.log
#BSUB -e error_%J.err
#BSUB -R "select[model == XeonGold6226R]"

# Initialize Python environment
source /dtu/projects/02613_2025/conda/conda_init.sh
conda activate 02613

# Test number of floorplans
#N = 10

#time python simulate.py 12

# parallel implementation test
time python simulate_parallel.py 12 4 static


------------------------------------------------------------

Exited with exit code 1.

Resource usage summary:

    CPU time :                                   1.32 sec.
    Max Memory :                                 1 MB
    Average Memory :                             1.00 MB
    Total Requested Memory :                     16384.00 MB
    Delta Memory :                               16383.00 MB
    Max Swap :                                   -
    Max Processes :                              1
    Max Threads :                                1
    Run time :                                   60 sec.
    Turnaround time :                            2 sec.

The output (if any) is above this job summary.



PS:

Read file <error_24570427.err> for stderr output of this job.

